/root/cinolu/cinolu.org/node_modules/.pnpm/nx@19.6.5/node_modules/nx/src/daemon/socket-utils.js:38
        throw new Error([
        ^

Error: Attempted to open socket that exceeds the maximum socket length.

Set NX_SOCKET_DIR to a shorter path (e.g. /tmp/nx-tmp) to avoid this issue.
    at assertValidSocketPath (/root/cinolu/cinolu.org/node_modules/.pnpm/nx@19.6.5/node_modules/nx/src/daemon/socket-utils.js:38:15)
    at getFullOsSocketPath (/root/cinolu/cinolu.org/node_modules/.pnpm/nx@19.6.5/node_modules/nx/src/daemon/socket-utils.js:20:5)
    at Object.<anonymous> (/root/cinolu/cinolu.org/node_modules/.pnpm/nx@19.6.5/node_modules/nx/src/daemon/server/watcher.js:16:44)
    at Module._compile (node:internal/modules/cjs/loader:1358:14)
    at Module._extensions..js (node:internal/modules/cjs/loader:1416:10)
    at Module.load (node:internal/modules/cjs/loader:1208:32)
    at Module._load (node:internal/modules/cjs/loader:1024:12)
    at Module.require (node:internal/modules/cjs/loader:1233:19)
    at require (node:internal/modules/helpers:179:18)
    at Object.<anonymous> (/root/cinolu/cinolu.org/node_modules/.pnpm/nx@19.6.5/node_modules/nx/src/daemon/server/server.js:29:19)

Node.js v20.16.0
[NX Daemon Server] - 2024-09-19T10:22:59.567Z - Started listening on: /tmp/0f9c0b7a15a7de708141/d.sock
[NX Daemon Server] - 2024-09-19T10:22:59.572Z - [WATCHER]: Subscribed to changes within: /root/cinolu/cinolu.org (native)
[NX Daemon Server] - 2024-09-19T10:22:59.576Z - Established a connection. Number of open connections: 1
[NX Daemon Server] - 2024-09-19T10:22:59.580Z - Established a connection. Number of open connections: 2
[NX Daemon Server] - 2024-09-19T10:22:59.581Z - Closed a connection. Number of open connections: 1
[NX Daemon Server] - 2024-09-19T10:22:59.583Z - [REQUEST]: Client Request for Project Graph Received
[NX Daemon Server] - 2024-09-19T10:22:59.794Z - [REQUEST]: Updated workspace context based on watched changes, recomputing project graph...
[NX Daemon Server] - 2024-09-19T10:22:59.795Z - [REQUEST]: 
[NX Daemon Server] - 2024-09-19T10:22:59.795Z - [REQUEST]: 
[NX Daemon Server] - 2024-09-19T10:22:59.803Z - Time taken for 'loadNxPlugins' 210.473384ms
[NX Daemon Server] - 2024-09-19T10:23:00.299Z - Time taken for 'build-project-configs' 485.4296949999999ms
[NX Daemon Server] - 2024-09-19T10:23:00.675Z - [SYNC]: collect registered sync generators
[NX Daemon Server] - 2024-09-19T10:23:00.675Z - [SYNC]: scheduling: []
[NX Daemon Server] - 2024-09-19T10:23:00.676Z - [REQUEST]: Responding to the client. project-graph
[NX Daemon Server] - 2024-09-19T10:23:00.685Z - Done responding to the client project-graph
[NX Daemon Server] - 2024-09-19T10:23:00.685Z - Handled REQUEST_PROJECT_GRAPH. Handling time: 1094. Response time: 9.
[NX Daemon Server] - 2024-09-19T10:23:00.685Z - Time taken for 'total for creating and serializing project graph' 1093.03472ms
[NX Daemon Server] - 2024-09-19T10:23:00.748Z - [REQUEST]: Responding to the client. handleHashTasks
[NX Daemon Server] - 2024-09-19T10:23:00.748Z - Done responding to the client handleHashTasks
[NX Daemon Server] - 2024-09-19T10:23:00.748Z - Handled HASH_TASKS. Handling time: 17. Response time: 0.
[NX Daemon Server] - 2024-09-19T10:23:03.702Z - Established a connection. Number of open connections: 2
[NX Daemon Server] - 2024-09-19T10:23:03.702Z - Closed a connection. Number of open connections: 1
[NX Daemon Server] - 2024-09-19T10:23:03.703Z - Established a connection. Number of open connections: 2
[NX Daemon Server] - 2024-09-19T10:23:03.705Z - [REQUEST]: Client Request for Project Graph Received
[NX Daemon Server] - 2024-09-19T10:23:03.706Z - [REQUEST]: Responding to the client. project-graph
[NX Daemon Server] - 2024-09-19T10:23:03.707Z - Time taken for 'total for creating and serializing project graph' 0.3323809999992591ms
[NX Daemon Server] - 2024-09-19T10:23:03.709Z - Done responding to the client project-graph
[NX Daemon Server] - 2024-09-19T10:23:03.709Z - Handled REQUEST_PROJECT_GRAPH. Handling time: 1. Response time: 3.
[NX Daemon Server] - 2024-09-19T10:23:15.302Z - [WATCHER]: .angular/cache/18.2.2/cinolu.org/.tsbuildinfo was created or restored
[NX Daemon Server] - 2024-09-19T10:23:15.303Z - [WATCHER]: Processing file changes in outputs
[NX Daemon Server] - 2024-09-19T10:23:15.404Z - [REQUEST]: Updated workspace context based on watched changes, recomputing project graph...
[NX Daemon Server] - 2024-09-19T10:23:15.404Z - [REQUEST]: .angular/cache/18.2.2/cinolu.org/.tsbuildinfo
[NX Daemon Server] - 2024-09-19T10:23:15.404Z - [REQUEST]: 
[NX Daemon Server] - 2024-09-19T10:23:15.409Z - Time taken for 'hash changed files from watcher' 0.3801320000002306ms
[NX Daemon Server] - 2024-09-19T10:23:15.463Z - Time taken for 'build-project-configs' 46.64210800000001ms
[NX Daemon Server] - 2024-09-19T10:23:15.580Z - [SYNC]: collect registered sync generators
[NX Daemon Server] - 2024-09-19T10:23:15.581Z - [SYNC]: project graph hash is the same, not collecting task sync generators
[NX Daemon Server] - 2024-09-19T10:23:15.581Z - [SYNC]: nx.json hash is the same, not collecting global sync generators
[NX Daemon Server] - 2024-09-19T10:23:15.581Z - [SYNC]: scheduling: []
[NX Daemon Server] - 2024-09-19T10:23:15.581Z - Time taken for 'total execution time for createProjectGraph()' 81.80154699999912ms
[NX Daemon Server] - 2024-09-19T10:23:16.681Z - [WATCHER]: Processing file changes in outputs
[NX Daemon Server] - 2024-09-19T10:23:20.966Z - [WATCHER]: Processing file changes in outputs
[NX Daemon Server] - 2024-09-19T10:23:22.087Z - [WATCHER]: Processing file changes in outputs
[NX Daemon Server] - 2024-09-19T10:23:22.379Z - [WATCHER]: Processing file changes in outputs
[NX Daemon Server] - 2024-09-19T10:23:22.452Z - [WATCHER]: Processing file changes in outputs
[NX Daemon Server] - 2024-09-19T10:23:22.839Z - [WATCHER]: Processing file changes in outputs
[NX Daemon Server] - 2024-09-19T10:23:22.968Z - [WATCHER]: Processing file changes in outputs
[NX Daemon Server] - 2024-09-19T10:23:23.156Z - [WATCHER]: Processing file changes in outputs
[NX Daemon Server] - 2024-09-19T10:23:23.414Z - [WATCHER]: Processing file changes in outputs
[NX Daemon Server] - 2024-09-19T10:23:23.625Z - [WATCHER]: Processing file changes in outputs
[NX Daemon Server] - 2024-09-19T10:23:23.819Z - [WATCHER]: Processing file changes in outputs
[NX Daemon Server] - 2024-09-19T10:23:23.907Z - [WATCHER]: Processing file changes in outputs
[NX Daemon Server] - 2024-09-19T10:23:24.033Z - [WATCHER]: Processing file changes in outputs
[NX Daemon Server] - 2024-09-19T10:23:24.986Z - [WATCHER]: Processing file changes in outputs
[NX Daemon Server] - 2024-09-19T10:23:25.041Z - [WATCHER]: Processing file changes in outputs
[NX Daemon Server] - 2024-09-19T10:23:25.257Z - [WATCHER]: Processing file changes in outputs
[NX Daemon Server] - 2024-09-19T10:23:25.425Z - [WATCHER]: Processing file changes in outputs
[NX Daemon Server] - 2024-09-19T10:23:25.680Z - [WATCHER]: Processing file changes in outputs
[NX Daemon Server] - 2024-09-19T10:23:25.739Z - [WATCHER]: Processing file changes in outputs
[NX Daemon Server] - 2024-09-19T10:23:25.857Z - [WATCHER]: Processing file changes in outputs
[NX Daemon Server] - 2024-09-19T10:23:25.930Z - [WATCHER]: Processing file changes in outputs
[NX Daemon Server] - 2024-09-19T10:23:26.056Z - [WATCHER]: Processing file changes in outputs
[NX Daemon Server] - 2024-09-19T10:23:26.109Z - [WATCHER]: Processing file changes in outputs
[NX Daemon Server] - 2024-09-19T10:23:26.177Z - [WATCHER]: Processing file changes in outputs
[NX Daemon Server] - 2024-09-19T10:23:26.239Z - [WATCHER]: Processing file changes in outputs
[NX Daemon Server] - 2024-09-19T10:23:26.292Z - [WATCHER]: Processing file changes in outputs
[NX Daemon Server] - 2024-09-19T10:23:26.360Z - [WATCHER]: Processing file changes in outputs
[NX Daemon Server] - 2024-09-19T10:23:26.425Z - [WATCHER]: Processing file changes in outputs
[NX Daemon Server] - 2024-09-19T10:23:26.477Z - [WATCHER]: Processing file changes in outputs
[NX Daemon Server] - 2024-09-19T10:23:26.624Z - [WATCHER]: Processing file changes in outputs
[NX Daemon Server] - 2024-09-19T10:23:26.676Z - [WATCHER]: Processing file changes in outputs
[NX Daemon Server] - 2024-09-19T10:23:26.728Z - [WATCHER]: Processing file changes in outputs
[NX Daemon Server] - 2024-09-19T10:23:26.780Z - [WATCHER]: Processing file changes in outputs
[NX Daemon Server] - 2024-09-19T10:23:26.833Z - [WATCHER]: Processing file changes in outputs
[NX Daemon Server] - 2024-09-19T10:23:26.893Z - [WATCHER]: Processing file changes in outputs
[NX Daemon Server] - 2024-09-19T10:23:26.957Z - [WATCHER]: Processing file changes in outputs
[NX Daemon Server] - 2024-09-19T10:23:27.048Z - [WATCHER]: Processing file changes in outputs
[NX Daemon Server] - 2024-09-19T10:23:27.304Z - [WATCHER]: Processing file changes in outputs
[NX Daemon Server] - 2024-09-19T10:23:27.392Z - [WATCHER]: Processing file changes in outputs
[NX Daemon Server] - 2024-09-19T10:23:27.445Z - [WATCHER]: Processing file changes in outputs
[NX Daemon Server] - 2024-09-19T10:23:27.498Z - [WATCHER]: Processing file changes in outputs
[NX Daemon Server] - 2024-09-19T10:23:27.568Z - [WATCHER]: Processing file changes in outputs
[NX Daemon Server] - 2024-09-19T10:23:27.684Z - [WATCHER]: Processing file changes in outputs
[NX Daemon Server] - 2024-09-19T10:23:27.782Z - [WATCHER]: Processing file changes in outputs
[NX Daemon Server] - 2024-09-19T10:23:27.854Z - [WATCHER]: Processing file changes in outputs
[NX Daemon Server] - 2024-09-19T10:23:27.921Z - [WATCHER]: Processing file changes in outputs
[NX Daemon Server] - 2024-09-19T10:23:27.987Z - [WATCHER]: Processing file changes in outputs
[NX Daemon Server] - 2024-09-19T10:23:28.044Z - [WATCHER]: Processing file changes in outputs
[NX Daemon Server] - 2024-09-19T10:23:28.147Z - [WATCHER]: Processing file changes in outputs
[NX Daemon Server] - 2024-09-19T10:23:28.205Z - [WATCHER]: Processing file changes in outputs
[NX Daemon Server] - 2024-09-19T10:23:28.272Z - [WATCHER]: Processing file changes in outputs
[NX Daemon Server] - 2024-09-19T10:23:28.330Z - [WATCHER]: Processing file changes in outputs
[NX Daemon Server] - 2024-09-19T10:23:28.382Z - [WATCHER]: Processing file changes in outputs
[NX Daemon Server] - 2024-09-19T10:23:28.451Z - [WATCHER]: Processing file changes in outputs
[NX Daemon Server] - 2024-09-19T10:23:28.526Z - [WATCHER]: Processing file changes in outputs
[NX Daemon Server] - 2024-09-19T10:23:28.578Z - [WATCHER]: Processing file changes in outputs
[NX Daemon Server] - 2024-09-19T10:23:28.666Z - [WATCHER]: Processing file changes in outputs
[NX Daemon Server] - 2024-09-19T10:23:28.718Z - [WATCHER]: Processing file changes in outputs
[NX Daemon Server] - 2024-09-19T10:23:28.780Z - [WATCHER]: Processing file changes in outputs
[NX Daemon Server] - 2024-09-19T10:23:28.833Z - [WATCHER]: Processing file changes in outputs
[NX Daemon Server] - 2024-09-19T10:23:28.915Z - [WATCHER]: Processing file changes in outputs
[NX Daemon Server] - 2024-09-19T10:23:28.969Z - [WATCHER]: Processing file changes in outputs
[NX Daemon Server] - 2024-09-19T10:23:29.125Z - [WATCHER]: Processing file changes in outputs
[NX Daemon Server] - 2024-09-19T10:23:29.197Z - [WATCHER]: Processing file changes in outputs
[NX Daemon Server] - 2024-09-19T10:23:29.249Z - [WATCHER]: Processing file changes in outputs
[NX Daemon Server] - 2024-09-19T10:23:29.353Z - [WATCHER]: Processing file changes in outputs
[NX Daemon Server] - 2024-09-19T10:23:29.426Z - [WATCHER]: Processing file changes in outputs
[NX Daemon Server] - 2024-09-19T10:23:29.514Z - [WATCHER]: Processing file changes in outputs
[NX Daemon Server] - 2024-09-19T10:23:29.573Z - [WATCHER]: Processing file changes in outputs
[NX Daemon Server] - 2024-09-19T10:23:29.640Z - [WATCHER]: Processing file changes in outputs
[NX Daemon Server] - 2024-09-19T10:23:29.707Z - [WATCHER]: Processing file changes in outputs
[NX Daemon Server] - 2024-09-19T10:23:29.759Z - [WATCHER]: Processing file changes in outputs
[NX Daemon Server] - 2024-09-19T10:23:29.812Z - [WATCHER]: Processing file changes in outputs
[NX Daemon Server] - 2024-09-19T10:23:29.864Z - [WATCHER]: Processing file changes in outputs
[NX Daemon Server] - 2024-09-19T10:23:29.917Z - [WATCHER]: Processing file changes in outputs
[NX Daemon Server] - 2024-09-19T10:23:29.970Z - [WATCHER]: Processing file changes in outputs
[NX Daemon Server] - 2024-09-19T10:23:30.305Z - [WATCHER]: Processing file changes in outputs
[NX Daemon Server] - 2024-09-19T10:23:30.357Z - [WATCHER]: Processing file changes in outputs
[NX Daemon Server] - 2024-09-19T10:23:30.418Z - [WATCHER]: Processing file changes in outputs
[NX Daemon Server] - 2024-09-19T10:23:30.615Z - [WATCHER]: Processing file changes in outputs
[NX Daemon Server] - 2024-09-19T10:23:30.681Z - [WATCHER]: Processing file changes in outputs
[NX Daemon Server] - 2024-09-19T10:23:30.738Z - [WATCHER]: Processing file changes in outputs
[NX Daemon Server] - 2024-09-19T10:23:30.789Z - [WATCHER]: Processing file changes in outputs
[NX Daemon Server] - 2024-09-19T10:23:30.847Z - [WATCHER]: Processing file changes in outputs
[NX Daemon Server] - 2024-09-19T10:23:30.909Z - [WATCHER]: Processing file changes in outputs
[NX Daemon Server] - 2024-09-19T10:23:30.966Z - [WATCHER]: Processing file changes in outputs
[NX Daemon Server] - 2024-09-19T10:23:31.113Z - [WATCHER]: Processing file changes in outputs
[NX Daemon Server] - 2024-09-19T10:23:31.178Z - [WATCHER]: Processing file changes in outputs
[NX Daemon Server] - 2024-09-19T10:23:31.232Z - [WATCHER]: Processing file changes in outputs
[NX Daemon Server] - 2024-09-19T10:23:31.288Z - [WATCHER]: Processing file changes in outputs
[NX Daemon Server] - 2024-09-19T10:23:31.347Z - [WATCHER]: Processing file changes in outputs
[NX Daemon Server] - 2024-09-19T10:23:31.408Z - [WATCHER]: Processing file changes in outputs
[NX Daemon Server] - 2024-09-19T10:23:31.466Z - [WATCHER]: Processing file changes in outputs
[NX Daemon Server] - 2024-09-19T10:23:31.587Z - [WATCHER]: Processing file changes in outputs
[NX Daemon Server] - 2024-09-19T10:23:31.639Z - [WATCHER]: Processing file changes in outputs
[NX Daemon Server] - 2024-09-19T10:23:31.814Z - [WATCHER]: Processing file changes in outputs
[NX Daemon Server] - 2024-09-19T10:23:31.868Z - [WATCHER]: Processing file changes in outputs
[NX Daemon Server] - 2024-09-19T10:23:31.921Z - [WATCHER]: Processing file changes in outputs
[NX Daemon Server] - 2024-09-19T10:23:31.976Z - [WATCHER]: Processing file changes in outputs
[NX Daemon Server] - 2024-09-19T10:23:32.028Z - [WATCHER]: Processing file changes in outputs
[NX Daemon Server] - 2024-09-19T10:23:32.181Z - [WATCHER]: Processing file changes in outputs
[NX Daemon Server] - 2024-09-19T10:23:32.237Z - [WATCHER]: Processing file changes in outputs
[NX Daemon Server] - 2024-09-19T10:23:32.292Z - [WATCHER]: Processing file changes in outputs
[NX Daemon Server] - 2024-09-19T10:23:32.365Z - [WATCHER]: Processing file changes in outputs
[NX Daemon Server] - 2024-09-19T10:23:32.683Z - [WATCHER]: Processing file changes in outputs
[NX Daemon Server] - 2024-09-19T10:23:32.734Z - [WATCHER]: Processing file changes in outputs
[NX Daemon Server] - 2024-09-19T10:23:32.787Z - [WATCHER]: Processing file changes in outputs
[NX Daemon Server] - 2024-09-19T10:23:32.839Z - [WATCHER]: Processing file changes in outputs
[NX Daemon Server] - 2024-09-19T10:23:32.902Z - [WATCHER]: Processing file changes in outputs
[NX Daemon Server] - 2024-09-19T10:23:32.956Z - [WATCHER]: Processing file changes in outputs
[NX Daemon Server] - 2024-09-19T10:23:33.009Z - [WATCHER]: Processing file changes in outputs
[NX Daemon Server] - 2024-09-19T10:23:33.063Z - [WATCHER]: Processing file changes in outputs
[NX Daemon Server] - 2024-09-19T10:23:33.115Z - [WATCHER]: Processing file changes in outputs
[NX Daemon Server] - 2024-09-19T10:23:33.167Z - [WATCHER]: Processing file changes in outputs
[NX Daemon Server] - 2024-09-19T10:23:33.226Z - [WATCHER]: Processing file changes in outputs
[NX Daemon Server] - 2024-09-19T10:23:33.281Z - [WATCHER]: Processing file changes in outputs
[NX Daemon Server] - 2024-09-19T10:23:33.398Z - [WATCHER]: Processing file changes in outputs
[NX Daemon Server] - 2024-09-19T10:23:33.454Z - [WATCHER]: Processing file changes in outputs
[NX Daemon Server] - 2024-09-19T10:23:33.506Z - [WATCHER]: Processing file changes in outputs
[NX Daemon Server] - 2024-09-19T10:23:33.558Z - [WATCHER]: Processing file changes in outputs
[NX Daemon Server] - 2024-09-19T10:23:33.620Z - [WATCHER]: Processing file changes in outputs
[NX Daemon Server] - 2024-09-19T10:23:33.674Z - [WATCHER]: Processing file changes in outputs
[NX Daemon Server] - 2024-09-19T10:23:33.726Z - [WATCHER]: Processing file changes in outputs
[NX Daemon Server] - 2024-09-19T10:23:33.780Z - [WATCHER]: Processing file changes in outputs
[NX Daemon Server] - 2024-09-19T10:23:33.833Z - [WATCHER]: Processing file changes in outputs
[NX Daemon Server] - 2024-09-19T10:23:33.886Z - [WATCHER]: Processing file changes in outputs
[NX Daemon Server] - 2024-09-19T10:23:33.944Z - [WATCHER]: Processing file changes in outputs
[NX Daemon Server] - 2024-09-19T10:23:33.997Z - [WATCHER]: Processing file changes in outputs
[NX Daemon Server] - 2024-09-19T10:23:34.054Z - [WATCHER]: Processing file changes in outputs
[NX Daemon Server] - 2024-09-19T10:23:34.152Z - [WATCHER]: Processing file changes in outputs
[NX Daemon Server] - 2024-09-19T10:23:34.205Z - [WATCHER]: Processing file changes in outputs
[NX Daemon Server] - 2024-09-19T10:23:44.138Z - [WATCHER]: Processing file changes in outputs
[NX Daemon Server] - 2024-09-19T10:23:44.237Z - Closed a connection. Number of open connections: 1
[NX Daemon Server] - 2024-09-19T10:23:44.247Z - [REQUEST]: Responding to the client. recordOutputsHash
[NX Daemon Server] - 2024-09-19T10:23:44.247Z - Done responding to the client recordOutputsHash
[NX Daemon Server] - 2024-09-19T10:23:44.247Z - Handled RECORD_OUTPUTS_HASH. Handling time: 2. Response time: 0.
[NX Daemon Server] - 2024-09-19T10:23:44.445Z - [REQUEST]: Responding to the client. PROCESS_IN_BACKGROUND
[NX Daemon Server] - 2024-09-19T10:23:44.445Z - Done responding to the client PROCESS_IN_BACKGROUND
[NX Daemon Server] - 2024-09-19T10:23:44.445Z - Handled PROCESS_IN_BACKGROUND. Handling time: 93. Response time: 0.
[NX Daemon Server] - 2024-09-19T10:23:44.450Z - Uploading file artifacts
[NX Daemon Server] - 2024-09-19T10:23:44.451Z - Done uploading file artifacts
[NX Daemon Server] - 2024-09-19T10:23:44.451Z - Sending EndRun request
[NX Daemon Server] - 2024-09-19T10:23:44.501Z - Closed a connection. Number of open connections: 0
[NX Daemon Server] - 2024-09-19T10:23:45.961Z - Error when sending EndRun
Error: This workspace is more than three days old and is not connected. Workspaces must be connected within 3 days of creation. Claim your workspace at https://cloud.nx.app
    at Timeout._onTimeout (/root/cinolu/cinolu.org/.nx/cache/cloud/2409.12.12.hotfix1/lib/daemon/process-run-end.js:38:8300)
    at process.processTicksAndRejections (node:internal/process/task_queues:95:5)
[NX Daemon Server] - 2024-09-19T10:55:13.746Z - [WATCHER]: src/app/modules/landing/components/about/about.component.html was created or restored
[NX Daemon Server] - 2024-09-19T10:55:13.746Z - [WATCHER]: Processing file changes in outputs
[NX Daemon Server] - 2024-09-19T10:55:13.847Z - [REQUEST]: Updated workspace context based on watched changes, recomputing project graph...
[NX Daemon Server] - 2024-09-19T10:55:13.848Z - [REQUEST]: src/app/modules/landing/components/about/about.component.html
[NX Daemon Server] - 2024-09-19T10:55:13.848Z - [REQUEST]: 
[NX Daemon Server] - 2024-09-19T10:55:13.852Z - Time taken for 'hash changed files from watcher' 0.5052219999488443ms
[NX Daemon Server] - 2024-09-19T10:55:13.876Z - Time taken for 'build-project-configs' 21.35440900013782ms
[NX Daemon Server] - 2024-09-19T10:55:13.929Z - [SYNC]: collect registered sync generators
[NX Daemon Server] - 2024-09-19T10:55:13.930Z - [SYNC]: project graph hash is the same, not collecting task sync generators
[NX Daemon Server] - 2024-09-19T10:55:13.930Z - [SYNC]: nx.json hash is the same, not collecting global sync generators
[NX Daemon Server] - 2024-09-19T10:55:13.930Z - [SYNC]: scheduling: []
[NX Daemon Server] - 2024-09-19T10:55:13.931Z - Time taken for 'total execution time for createProjectGraph()' 46.6799080001656ms
[NX Daemon Server] - 2024-09-19T10:55:17.113Z - Established a connection. Number of open connections: 1
[NX Daemon Server] - 2024-09-19T10:55:17.117Z - Closed a connection. Number of open connections: 0
[NX Daemon Server] - 2024-09-19T10:55:17.119Z - Established a connection. Number of open connections: 1
[NX Daemon Server] - 2024-09-19T10:55:17.121Z - [REQUEST]: Client Request for Project Graph Received
[NX Daemon Server] - 2024-09-19T10:55:17.122Z - [REQUEST]: Responding to the client. project-graph
[NX Daemon Server] - 2024-09-19T10:55:17.123Z - Time taken for 'total for creating and serializing project graph' 0.3104020000901073ms
[NX Daemon Server] - 2024-09-19T10:55:17.126Z - Done responding to the client project-graph
[NX Daemon Server] - 2024-09-19T10:55:17.126Z - Handled REQUEST_PROJECT_GRAPH. Handling time: 1. Response time: 4.
[NX Daemon Server] - 2024-09-19T10:55:17.193Z - [REQUEST]: Responding to the client. handleHashTasks
[NX Daemon Server] - 2024-09-19T10:55:17.193Z - Done responding to the client handleHashTasks
[NX Daemon Server] - 2024-09-19T10:55:17.193Z - Handled HASH_TASKS. Handling time: 19. Response time: 0.
[NX Daemon Server] - 2024-09-19T10:55:20.439Z - Established a connection. Number of open connections: 2
[NX Daemon Server] - 2024-09-19T10:55:20.440Z - Closed a connection. Number of open connections: 1
[NX Daemon Server] - 2024-09-19T10:55:20.441Z - Established a connection. Number of open connections: 2
[NX Daemon Server] - 2024-09-19T10:55:20.443Z - [REQUEST]: Client Request for Project Graph Received
[NX Daemon Server] - 2024-09-19T10:55:20.443Z - [REQUEST]: Responding to the client. project-graph
[NX Daemon Server] - 2024-09-19T10:55:20.444Z - Time taken for 'total for creating and serializing project graph' 0.23469100007787347ms
[NX Daemon Server] - 2024-09-19T10:55:20.446Z - Done responding to the client project-graph
[NX Daemon Server] - 2024-09-19T10:55:20.446Z - Handled REQUEST_PROJECT_GRAPH. Handling time: 0. Response time: 3.
[NX Daemon Server] - 2024-09-19T10:55:25.888Z - [WATCHER]: Processing file changes in outputs
[NX Daemon Server] - 2024-09-19T10:55:43.414Z - [WATCHER]: Processing file changes in outputs
[NX Daemon Server] - 2024-09-19T10:55:43.469Z - [WATCHER]: Processing file changes in outputs
[NX Daemon Server] - 2024-09-19T10:55:43.508Z - Closed a connection. Number of open connections: 1
[NX Daemon Server] - 2024-09-19T10:55:43.518Z - [REQUEST]: Responding to the client. recordOutputsHash
[NX Daemon Server] - 2024-09-19T10:55:43.518Z - Done responding to the client recordOutputsHash
[NX Daemon Server] - 2024-09-19T10:55:43.518Z - Handled RECORD_OUTPUTS_HASH. Handling time: 2. Response time: 0.
[NX Daemon Server] - 2024-09-19T10:55:43.668Z - [REQUEST]: Responding to the client. PROCESS_IN_BACKGROUND
[NX Daemon Server] - 2024-09-19T10:55:43.668Z - Done responding to the client PROCESS_IN_BACKGROUND
[NX Daemon Server] - 2024-09-19T10:55:43.668Z - Handled PROCESS_IN_BACKGROUND. Handling time: 9. Response time: 0.
[NX Daemon Server] - 2024-09-19T10:55:43.668Z - Uploading file artifacts
[NX Daemon Server] - 2024-09-19T10:55:43.668Z - Done uploading file artifacts
[NX Daemon Server] - 2024-09-19T10:55:43.668Z - Sending EndRun request
[NX Daemon Server] - 2024-09-19T10:55:43.679Z - Closed a connection. Number of open connections: 0
[NX Daemon Server] - 2024-09-19T10:55:47.044Z - Error when sending EndRun
Error: This workspace is more than three days old and is not connected. Workspaces must be connected within 3 days of creation. Claim your workspace at https://cloud.nx.app
    at Timeout._onTimeout (/root/cinolu/cinolu.org/.nx/cache/cloud/2409.12.12.hotfix1/lib/daemon/process-run-end.js:38:8300)
    at process.processTicksAndRejections (node:internal/process/task_queues:95:5)
[NX Daemon Server] - 2024-09-19T13:55:43.734Z - [WATCHER]: Stopping the watcher for /root/cinolu/cinolu.org (sources)
[NX Daemon Server] - 2024-09-19T13:55:43.736Z - [WATCHER]: Stopping the watcher for /root/cinolu/cinolu.org (outputs)
[NX Daemon Server] - 2024-09-19T13:55:43.738Z - Server stopped because: "10800000ms of inactivity"
[NX Daemon Server] - 2024-09-20T14:14:57.705Z - Started listening on: /tmp/0f9c0b7a15a7de708141/d.sock
[NX Daemon Server] - 2024-09-20T14:14:57.731Z - [WATCHER]: Subscribed to changes within: /root/cinolu/cinolu.org (native)
[NX Daemon Server] - 2024-09-20T14:14:57.733Z - Established a connection. Number of open connections: 1
[NX Daemon Server] - 2024-09-20T14:14:57.734Z - Established a connection. Number of open connections: 2
[NX Daemon Server] - 2024-09-20T14:14:57.736Z - Closed a connection. Number of open connections: 1
[NX Daemon Server] - 2024-09-20T14:14:57.737Z - [REQUEST]: Client Request for Project Graph Received
[NX Daemon Server] - 2024-09-20T14:14:57.990Z - [REQUEST]: Updated workspace context based on watched changes, recomputing project graph...
[NX Daemon Server] - 2024-09-20T14:14:57.990Z - [REQUEST]: 
[NX Daemon Server] - 2024-09-20T14:14:57.990Z - [REQUEST]: 
[NX Daemon Server] - 2024-09-20T14:14:58.000Z - Time taken for 'loadNxPlugins' 249.01076799999998ms
[NX Daemon Server] - 2024-09-20T14:14:59.061Z - Time taken for 'build-project-configs' 1047.411499ms
[NX Daemon Server] - 2024-09-20T14:14:59.941Z - [SYNC]: collect registered sync generators
[NX Daemon Server] - 2024-09-20T14:14:59.942Z - [SYNC]: scheduling: []
[NX Daemon Server] - 2024-09-20T14:14:59.942Z - [REQUEST]: Responding to the client. project-graph
[NX Daemon Server] - 2024-09-20T14:14:59.968Z - Time taken for 'total for creating and serializing project graph' 2205.127202ms
[NX Daemon Server] - 2024-09-20T14:14:59.974Z - Done responding to the client project-graph
[NX Daemon Server] - 2024-09-20T14:14:59.975Z - Handled REQUEST_PROJECT_GRAPH. Handling time: 2205. Response time: 33.
[NX Daemon Server] - 2024-09-20T14:15:00.190Z - [REQUEST]: Responding to the client. handleHashTasks
[NX Daemon Server] - 2024-09-20T14:15:00.191Z - Done responding to the client handleHashTasks
[NX Daemon Server] - 2024-09-20T14:15:00.192Z - Handled HASH_TASKS. Handling time: 70. Response time: 2.
[NX Daemon Server] - 2024-09-20T14:15:05.341Z - Established a connection. Number of open connections: 2
[NX Daemon Server] - 2024-09-20T14:15:05.342Z - Closed a connection. Number of open connections: 1
[NX Daemon Server] - 2024-09-20T14:15:05.343Z - Established a connection. Number of open connections: 2
[NX Daemon Server] - 2024-09-20T14:15:05.346Z - [REQUEST]: Client Request for Project Graph Received
[NX Daemon Server] - 2024-09-20T14:15:05.346Z - [REQUEST]: Responding to the client. project-graph
[NX Daemon Server] - 2024-09-20T14:15:05.361Z - Time taken for 'total for creating and serializing project graph' 0.3172520000007353ms
[NX Daemon Server] - 2024-09-20T14:15:05.364Z - Done responding to the client project-graph
[NX Daemon Server] - 2024-09-20T14:15:05.364Z - Handled REQUEST_PROJECT_GRAPH. Handling time: 0. Response time: 18.
[NX Daemon Server] - 2024-09-20T14:15:15.865Z - [WATCHER]: Processing file changes in outputs
[NX Daemon Server] - 2024-09-20T14:15:35.784Z - [WATCHER]: Processing file changes in outputs
[NX Daemon Server] - 2024-09-20T14:15:35.840Z - [WATCHER]: Processing file changes in outputs
[NX Daemon Server] - 2024-09-20T14:15:35.890Z - [WATCHER]: Processing file changes in outputs
[NX Daemon Server] - 2024-09-20T14:15:35.928Z - Closed a connection. Number of open connections: 1
[NX Daemon Server] - 2024-09-20T14:15:35.940Z - [REQUEST]: Responding to the client. recordOutputsHash
[NX Daemon Server] - 2024-09-20T14:15:35.940Z - Done responding to the client recordOutputsHash
[NX Daemon Server] - 2024-09-20T14:15:35.940Z - Handled RECORD_OUTPUTS_HASH. Handling time: 2. Response time: 0.
[NX Daemon Server] - 2024-09-20T14:15:36.184Z - [REQUEST]: Responding to the client. PROCESS_IN_BACKGROUND
[NX Daemon Server] - 2024-09-20T14:15:36.184Z - Done responding to the client PROCESS_IN_BACKGROUND
[NX Daemon Server] - 2024-09-20T14:15:36.184Z - Handled PROCESS_IN_BACKGROUND. Handling time: 93. Response time: 0.
[NX Daemon Server] - 2024-09-20T14:15:36.186Z - Uploading file artifacts
[NX Daemon Server] - 2024-09-20T14:15:36.186Z - Done uploading file artifacts
[NX Daemon Server] - 2024-09-20T14:15:36.187Z - Sending EndRun request
[NX Daemon Server] - 2024-09-20T14:15:36.251Z - Closed a connection. Number of open connections: 0
[NX Daemon Server] - 2024-09-20T14:15:38.503Z - Error when sending EndRun
Error: This workspace is more than three days old and is not connected. Workspaces must be connected within 3 days of creation. Claim your workspace at https://cloud.nx.app
    at Timeout._onTimeout (/root/cinolu/cinolu.org/.nx/cache/cloud/2409.12.12.hotfix1/lib/daemon/process-run-end.js:38:8300)
    at process.processTicksAndRejections (node:internal/process/task_queues:95:5)
[NX Daemon Server] - 2024-09-20T17:15:36.110Z - [WATCHER]: Stopping the watcher for /root/cinolu/cinolu.org (sources)
[NX Daemon Server] - 2024-09-20T17:15:36.111Z - [WATCHER]: Stopping the watcher for /root/cinolu/cinolu.org (outputs)

> NX runtime error err=cannot send event from fs watcher: sending into a closed channel


> NX runtime error err=cannot send event from fs watcher: sending into a closed channel


> NX runtime error err=cannot send event from fs watcher: sending into a closed channel

[NX Daemon Server] - 2024-09-20T17:15:36.112Z - Server stopped because: "10800000ms of inactivity"
